2025-12-01 17:18:21.410 [info] [main] Log level: Info
2025-12-01 17:18:21.410 [info] [main] Validating found git in: "git"
2025-12-01 17:18:21.410 [info] [main] Using git "2.52.0" from "git"
2025-12-01 17:18:21.410 [info] [Model][doInitialScan] Initial repository scan started
2025-12-01 17:18:21.410 [info] > git rev-parse --show-toplevel [9ms]
2025-12-01 17:18:21.410 [info] > git rev-parse --git-dir --git-common-dir --show-superproject-working-tree [2ms]
2025-12-01 17:18:21.410 [info] [Model][openRepository] Opened repository (path): /home/mcantek/Projects/SwiftTest
2025-12-01 17:18:21.410 [info] [Model][openRepository] Opened repository (real path): /home/mcantek/Projects/SwiftTest
2025-12-01 17:18:21.411 [info] [Model][openRepository] Opened repository (kind): repository
2025-12-01 17:18:21.411 [info] > git rev-parse --show-toplevel [2ms]
2025-12-01 17:18:21.411 [info] > git config --get commit.template [7ms]
2025-12-01 17:18:21.411 [info] > git rev-parse --show-toplevel [5ms]
2025-12-01 17:18:21.417 [info] > git rev-parse --show-toplevel [7ms]
2025-12-01 17:18:21.417 [info] > git for-each-ref --format=%(refname)%00%(upstream:short)%00%(objectname)%00%(upstream:track)%00%(upstream:remotename)%00%(upstream:remoteref) refs/heads/main refs/remotes/main [12ms]
2025-12-01 17:18:21.425 [warning] [Git][revParse] Unable to read file: ENOENT: no such file or directory, open '/home/mcantek/Projects/SwiftTest/.git/refs/remotes/origin/main'
2025-12-01 17:18:21.443 [info] > git rev-parse refs/remotes/origin/main [19ms]
2025-12-01 17:18:21.451 [info] > git rev-parse --show-toplevel [30ms]
2025-12-01 17:18:21.451 [info] [Model][doInitialScan] Initial repository scan completed - repositories (1), closed repositories (0), parent repositories (0), unsafe repositories (0)
2025-12-01 17:18:21.455 [info] > git status -z -uall [8ms]
2025-12-01 17:18:21.455 [info] > git for-each-ref --sort -committerdate --format %(refname)%00%(objectname)%00%(*objectname) [4ms]
2025-12-01 17:18:21.471 [info] > git for-each-ref --format=%(refname)%00%(upstream:short)%00%(objectname)%00%(upstream:track)%00%(upstream:remotename)%00%(upstream:remoteref) refs/heads/main refs/remotes/main [7ms]
2025-12-01 17:18:21.477 [info] > git config --get --local branch.main.vscode-merge-base [2ms]
2025-12-01 17:18:21.481 [info] > git config --get commit.template [10ms]
2025-12-01 17:18:21.482 [info] > git for-each-ref --format=%(refname)%00%(upstream:short)%00%(objectname)%00%(upstream:track)%00%(upstream:remotename)%00%(upstream:remoteref) refs/heads/origin/main refs/remotes/origin/main [2ms]
2025-12-01 17:18:21.491 [info] > git merge-base refs/heads/main refs/remotes/origin/main [5ms]
2025-12-01 17:18:21.496 [info] > git for-each-ref --format=%(refname)%00%(upstream:short)%00%(objectname)%00%(upstream:track)%00%(upstream:remotename)%00%(upstream:remoteref) refs/heads/main refs/remotes/main [5ms]
2025-12-01 17:18:21.499 [warning] [Git][revParse] Unable to read file: ENOENT: no such file or directory, open '/home/mcantek/Projects/SwiftTest/.git/refs/remotes/origin/main'
2025-12-01 17:18:21.499 [info] > git diff --name-status -z --diff-filter=ADMR 0581225836cee0d8f7804e86e6ea6f6abf469996...refs/remotes/origin/main [3ms]
2025-12-01 17:18:21.500 [info] > git rev-parse refs/remotes/origin/main [1ms]
2025-12-01 17:18:21.507 [info] > git status -z -uall [4ms]
2025-12-01 17:18:21.508 [info] > git for-each-ref --sort -committerdate --format %(refname)%00%(objectname)%00%(*objectname) [1ms]
2025-12-01 17:18:21.696 [info] > git show --textconv :Sources/SwiftTest/SwiftTest.swift [5ms]
2025-12-01 17:18:21.698 [info] > git ls-files --stage -- Sources/SwiftTest/SwiftTest.swift [3ms]
2025-12-01 17:18:21.702 [info] > git cat-file -s 107f80daedd8e1b13ab0a61936a71ca74adfe887 [1ms]
2025-12-01 17:18:21.902 [info] > git check-ignore -v -z --stdin [1ms]
2025-12-01 17:18:30.873 [info] > git config --get commit.template [12ms]
2025-12-01 17:18:30.874 [info] > git for-each-ref --format=%(refname)%00%(upstream:short)%00%(objectname)%00%(upstream:track)%00%(upstream:remotename)%00%(upstream:remoteref) refs/heads/main refs/remotes/main [2ms]
2025-12-01 17:18:30.881 [warning] [Git][revParse] Unable to read file: ENOENT: no such file or directory, open '/home/mcantek/Projects/SwiftTest/.git/refs/remotes/origin/main'
2025-12-01 17:18:30.884 [info] > git rev-parse refs/remotes/origin/main [3ms]
2025-12-01 17:18:30.909 [info] > git status -z -uall [13ms]
2025-12-01 17:18:30.911 [info] > git for-each-ref --sort -committerdate --format %(refname)%00%(objectname)%00%(*objectname) [4ms]
2025-12-01 17:20:06.057 [info] > git config --get commit.template [14ms]
2025-12-01 17:20:06.057 [info] > git for-each-ref --format=%(refname)%00%(upstream:short)%00%(objectname)%00%(upstream:track)%00%(upstream:remotename)%00%(upstream:remoteref) refs/heads/main refs/remotes/main [5ms]
2025-12-01 17:20:06.067 [warning] [Git][revParse] Unable to read file: ENOENT: no such file or directory, open '/home/mcantek/Projects/SwiftTest/.git/refs/remotes/origin/main'
2025-12-01 17:20:06.070 [info] > git rev-parse refs/remotes/origin/main [3ms]
2025-12-01 17:20:06.090 [info] > git status -z -uall [10ms]
2025-12-01 17:20:06.092 [info] > git for-each-ref --sort -committerdate --format %(refname)%00%(objectname)%00%(*objectname) [3ms]
2025-12-01 17:22:33.124 [info] > git blame --root --incremental 0581225836cee0d8f7804e86e6ea6f6abf469996 -- Sources/SwiftTest/SwiftTest.swift [3ms]
2025-12-01 17:22:34.421 [info] > git config --get commit.template [2ms]
2025-12-01 17:22:34.430 [info] > git for-each-ref --format=%(refname)%00%(upstream:short)%00%(objectname)%00%(upstream:track)%00%(upstream:remotename)%00%(upstream:remoteref) refs/heads/main refs/remotes/main [3ms]
2025-12-01 17:22:34.437 [warning] [Git][revParse] Unable to read file: ENOENT: no such file or directory, open '/home/mcantek/Projects/SwiftTest/.git/refs/remotes/origin/main'
2025-12-01 17:22:34.439 [info] > git rev-parse refs/remotes/origin/main [2ms]
2025-12-01 17:22:34.456 [info] > git status -z -uall [9ms]
2025-12-01 17:22:34.457 [info] > git for-each-ref --sort -committerdate --format %(refname)%00%(objectname)%00%(*objectname) [2ms]
