2025-12-01 17:18:36.896 [info] Extension host with pid 3856 started
2025-12-01 17:18:36.929 [info] ExtensionService#_doActivateExtension vscode.git-base, startup: true, activationEvent: '*', root cause: vscode.git
2025-12-01 17:18:36.934 [info] ExtensionService#_doActivateExtension vscode.git, startup: true, activationEvent: '*'
2025-12-01 17:18:36.979 [info] ExtensionService#_doActivateExtension vscode.github, startup: true, activationEvent: '*'
2025-12-01 17:18:37.055 [info] Eager extensions activated
2025-12-01 17:18:37.057 [info] ExtensionService#_doActivateExtension vscode.debug-auto-launch, startup: false, activationEvent: 'onStartupFinished'
2025-12-01 17:18:37.058 [info] ExtensionService#_doActivateExtension vscode.merge-conflict, startup: false, activationEvent: 'onStartupFinished'
2025-12-01 17:18:37.071 [info] ExtensionService#_doActivateExtension vadimcn.vscode-lldb, startup: false, activationEvent: 'onStartupFinished'
2025-12-01 17:18:38.414 [info] Extension host terminating: renderer closed the MessagePort
2025-12-01 17:18:38.421 [info] Extension host with pid 3856 exiting with code 0
2025-12-01 17:18:39.958 [info] Extension host with pid 3910 started
2025-12-01 17:18:39.958 [info] Skipping acquiring lock for /home/mcantek/.config/VSCodium/User/workspaceStorage/66ede25334d280497ad22313c8be2726.
2025-12-01 17:18:40.077 [info] ExtensionService#_doActivateExtension vscode.emmet, startup: false, activationEvent: 'onLanguage'
2025-12-01 17:18:40.092 [info] ExtensionService#_doActivateExtension vscode.css-language-features, startup: false, activationEvent: 'onLanguage:css'
2025-12-01 17:18:40.165 [info] ExtensionService#_doActivateExtension vscode.terminal-suggest, startup: false, activationEvent: 'onTerminalShellIntegration:*'
2025-12-01 17:18:40.343 [info] ExtensionService#_doActivateExtension vscode.git-base, startup: true, activationEvent: '*', root cause: vscode.git
2025-12-01 17:18:40.346 [info] ExtensionService#_doActivateExtension vscode.git, startup: true, activationEvent: '*'
2025-12-01 17:18:40.387 [info] ExtensionService#_doActivateExtension vscode.github, startup: true, activationEvent: '*'
2025-12-01 17:18:40.465 [info] Eager extensions activated
2025-12-01 17:18:40.491 [info] ExtensionService#_doActivateExtension vscode.debug-auto-launch, startup: false, activationEvent: 'onStartupFinished'
2025-12-01 17:18:40.493 [info] ExtensionService#_doActivateExtension vscode.merge-conflict, startup: false, activationEvent: 'onStartupFinished'
2025-12-01 17:18:40.506 [info] ExtensionService#_doActivateExtension vadimcn.vscode-lldb, startup: false, activationEvent: 'onStartupFinished'
2025-12-01 17:20:05.809 [info] Extension host terminating: renderer closed the MessagePort
2025-12-01 17:20:05.819 [info] Extension host with pid 3910 exiting with code 0
