2025-12-01 17:18:37.051 [info] [main] Log level: Info
2025-12-01 17:18:37.051 [info] [main] Validating found git in: "git"
2025-12-01 17:18:37.051 [info] [main] Using git "2.52.0" from "git"
2025-12-01 17:18:37.051 [info] [Model][doInitialScan] Initial repository scan started
2025-12-01 17:18:37.051 [info] [Model][doInitialScan] Initial repository scan completed - repositories (0), closed repositories (0), parent repositories (0), unsafe repositories (0)
2025-12-01 17:18:40.460 [info] [main] Log level: Info
2025-12-01 17:18:40.460 [info] [main] Validating found git in: "git"
2025-12-01 17:18:40.460 [info] [main] Using git "2.52.0" from "git"
2025-12-01 17:18:40.460 [info] [Model][doInitialScan] Initial repository scan started
2025-12-01 17:18:40.460 [info] > git rev-parse --show-toplevel [4ms]
2025-12-01 17:18:40.460 [info] fatal: not a git repository (or any of the parent directories): .git
2025-12-01 17:18:40.460 [info] > git rev-parse --show-toplevel [1ms]
2025-12-01 17:18:40.460 [info] fatal: not a git repository (or any of the parent directories): .git
2025-12-01 17:18:40.460 [info] > git rev-parse --show-toplevel [2ms]
2025-12-01 17:18:40.460 [info] fatal: not a git repository (or any of the parent directories): .git
2025-12-01 17:18:40.460 [info] [Model][doInitialScan] Initial repository scan completed - repositories (0), closed repositories (0), parent repositories (0), unsafe repositories (0)
2025-12-01 17:18:41.044 [info] > git rev-parse --show-toplevel [1ms]
2025-12-01 17:18:41.045 [info] fatal: not a git repository (or any of the parent directories): .git
2025-12-01 17:18:41.765 [info] > git rev-parse --show-toplevel [2ms]
2025-12-01 17:18:41.765 [info] fatal: not a git repository (or any of the parent directories): .git
2025-12-01 17:18:42.419 [info] > git rev-parse --show-toplevel [2ms]
2025-12-01 17:18:42.419 [info] fatal: not a git repository (or any of the parent directories): .git
