2025-12-01 17:25:25.815 [info] [main] Log level: Info
2025-12-01 17:25:25.815 [info] [main] Validating found git in: "git"
2025-12-01 17:25:25.815 [info] [main] Using git "2.52.0" from "git"
2025-12-01 17:25:25.815 [info] [Model][doInitialScan] Initial repository scan started
2025-12-01 17:25:25.815 [info] > git rev-parse --show-toplevel [6ms]
2025-12-01 17:25:25.815 [info] > git rev-parse --git-dir --git-common-dir --show-superproject-working-tree [3ms]
2025-12-01 17:25:25.815 [info] [Model][openRepository] Opened repository (path): /home/mcantek/Projects/SwiftTest
2025-12-01 17:25:25.815 [info] [Model][openRepository] Opened repository (real path): /home/mcantek/Projects/SwiftTest
2025-12-01 17:25:25.815 [info] [Model][openRepository] Opened repository (kind): repository
2025-12-01 17:25:25.815 [info] > git rev-parse --show-toplevel [2ms]
2025-12-01 17:25:25.815 [info] > git config --get commit.template [8ms]
2025-12-01 17:25:25.815 [info] > git rev-parse --show-toplevel [17ms]
2025-12-01 17:25:25.815 [info] > git for-each-ref --format=%(refname)%00%(upstream:short)%00%(objectname)%00%(upstream:track)%00%(upstream:remotename)%00%(upstream:remoteref) refs/heads/main refs/remotes/main [16ms]
2025-12-01 17:25:25.815 [warning] [Git][revParse] Unable to read file: ENOENT: no such file or directory, open '/home/mcantek/Projects/SwiftTest/.git/refs/remotes/origin/main'
2025-12-01 17:25:25.815 [info] > git rev-parse --show-toplevel [8ms]
2025-12-01 17:25:25.821 [info] > git rev-parse refs/remotes/origin/main [29ms]
2025-12-01 17:25:25.839 [info] > git status -z -uall [12ms]
2025-12-01 17:25:25.839 [info] > git for-each-ref --sort -committerdate --format %(refname)%00%(objectname)%00%(*objectname) [5ms]
2025-12-01 17:25:25.853 [info] > git rev-parse --show-toplevel [32ms]
2025-12-01 17:25:25.853 [info] [Model][doInitialScan] Initial repository scan completed - repositories (1), closed repositories (0), parent repositories (0), unsafe repositories (0)
2025-12-01 17:25:25.866 [info] > git for-each-ref --format=%(refname)%00%(upstream:short)%00%(objectname)%00%(upstream:track)%00%(upstream:remotename)%00%(upstream:remoteref) refs/heads/main refs/remotes/main [15ms]
2025-12-01 17:25:25.874 [info] > git config --get --local branch.main.vscode-merge-base [2ms]
2025-12-01 17:25:25.880 [info] > git config --get commit.template [20ms]
2025-12-01 17:25:25.881 [info] > git for-each-ref --format=%(refname)%00%(upstream:short)%00%(objectname)%00%(upstream:track)%00%(upstream:remotename)%00%(upstream:remoteref) refs/heads/origin/main refs/remotes/origin/main [1ms]
2025-12-01 17:25:25.894 [info] > git merge-base refs/heads/main refs/remotes/origin/main [7ms]
2025-12-01 17:25:25.899 [info] > git for-each-ref --format=%(refname)%00%(upstream:short)%00%(objectname)%00%(upstream:track)%00%(upstream:remotename)%00%(upstream:remoteref) refs/heads/main refs/remotes/main [7ms]
2025-12-01 17:25:25.904 [warning] [Git][revParse] Unable to read file: ENOENT: no such file or directory, open '/home/mcantek/Projects/SwiftTest/.git/refs/remotes/origin/main'
2025-12-01 17:25:25.905 [info] > git diff --name-status -z --diff-filter=ADMR 0581225836cee0d8f7804e86e6ea6f6abf469996...refs/remotes/origin/main [7ms]
2025-12-01 17:25:25.905 [info] > git rev-parse refs/remotes/origin/main [1ms]
2025-12-01 17:25:25.915 [info] > git status -z -uall [4ms]
2025-12-01 17:25:25.916 [info] > git for-each-ref --sort -committerdate --format %(refname)%00%(objectname)%00%(*objectname) [2ms]
2025-12-01 17:25:26.100 [info] > git show --textconv :Sources/SwiftTest/SwiftTest.swift [4ms]
2025-12-01 17:25:26.102 [info] > git ls-files --stage -- Sources/SwiftTest/SwiftTest.swift [3ms]
2025-12-01 17:25:26.107 [info] > git cat-file -s 107f80daedd8e1b13ab0a61936a71ca74adfe887 [1ms]
2025-12-01 17:25:26.124 [info] > git blame --root --incremental 0581225836cee0d8f7804e86e6ea6f6abf469996 -- Sources/SwiftTest/SwiftTest.swift [2ms]
2025-12-01 17:25:26.272 [info] > git check-ignore -v -z --stdin [2ms]
2025-12-01 17:25:28.780 [info] > git config --get commit.template [4ms]
2025-12-01 17:25:28.781 [info] > git for-each-ref --format=%(refname)%00%(upstream:short)%00%(objectname)%00%(upstream:track)%00%(upstream:remotename)%00%(upstream:remoteref) refs/heads/main refs/remotes/main [2ms]
2025-12-01 17:25:28.784 [warning] [Git][revParse] Unable to read file: ENOENT: no such file or directory, open '/home/mcantek/Projects/SwiftTest/.git/refs/remotes/origin/main'
2025-12-01 17:25:28.784 [info] > git rev-parse refs/remotes/origin/main [1ms]
2025-12-01 17:25:28.790 [info] > git status -z -uall [3ms]
2025-12-01 17:25:28.791 [info] > git for-each-ref --sort -committerdate --format %(refname)%00%(objectname)%00%(*objectname) [1ms]
