2025-12-01 17:00:31.731 [info] Reading sessions from keychain...
2025-12-01 17:00:31.731 [info] Getting sessions for all scopes...
2025-12-01 17:00:31.731 [info] Got 0 sessions for ...
2025-12-01 17:00:31.731 [info] Getting sessions for all scopes...
2025-12-01 17:00:31.731 [info] Got 0 sessions for ...
2025-12-01 17:00:31.731 [info] Getting sessions for all scopes...
2025-12-01 17:00:31.731 [info] Got 0 sessions for ...
2025-12-01 17:00:31.731 [info] Getting sessions for all scopes...
2025-12-01 17:00:31.731 [info] Got 0 sessions for ...
2025-12-01 17:00:31.731 [info] Getting sessions for all scopes...
2025-12-01 17:00:31.731 [info] Got 0 sessions for ...
2025-12-01 17:00:31.733 [info] Getting sessions for read:user,repo,user:email,workflow...
2025-12-01 17:00:31.733 [info] Got 0 sessions for read:user,repo,user:email,workflow...
2025-12-01 17:00:33.043 [info] Logging in with 'any' account...
2025-12-01 17:00:33.043 [info] Logging in for the following scopes: read:user repo user:email workflow
2025-12-01 17:00:33.053 [info] Trying device code flow... (read:user repo user:email workflow)
2025-12-01 17:01:08.856 [info] Getting user info...
2025-12-01 17:01:09.366 [info] Got account info!
2025-12-01 17:01:09.366 [info] Storing 1 sessions...
2025-12-01 17:01:13.886 [info] Reading sessions from keychain...
2025-12-01 17:01:13.887 [info] Stored 1 sessions!
2025-12-01 17:01:13.888 [info] Login success!
2025-12-01 17:01:13.912 [info] Got stored sessions!
2025-12-01 17:01:13.912 [info] Got 1 verified sessions.
2025-12-01 17:04:04.760 [info] Getting sessions for read:user,repo,user:email,workflow...
2025-12-01 17:04:04.761 [info] Got 1 sessions for read:user,repo,user:email,workflow...
2025-12-01 17:04:30.056 [info] Reading sessions from keychain...
2025-12-01 17:04:30.056 [info] Getting sessions for all scopes...
2025-12-01 17:04:30.056 [info] Got stored sessions!
2025-12-01 17:04:30.056 [info] Got 1 verified sessions.
2025-12-01 17:04:30.056 [info] Got 1 sessions for ...
2025-12-01 17:04:30.056 [info] Getting sessions for all scopes...
2025-12-01 17:04:30.056 [info] Got 1 sessions for ...
2025-12-01 17:04:30.056 [info] Getting sessions for all scopes...
2025-12-01 17:04:30.056 [info] Got 1 sessions for ...
2025-12-01 17:04:30.056 [info] Getting sessions for all scopes...
2025-12-01 17:04:30.056 [info] Got 1 sessions for ...
2025-12-01 17:04:30.056 [info] Getting sessions for all scopes...
2025-12-01 17:04:30.056 [info] Got 1 sessions for ...
2025-12-01 17:04:30.056 [info] Getting sessions for read:user,repo,user:email,workflow...
2025-12-01 17:04:30.056 [info] Got 1 sessions for read:user,repo,user:email,workflow...
2025-12-01 17:09:55.755 [info] Reading sessions from keychain...
2025-12-01 17:09:55.755 [info] Getting sessions for all scopes...
2025-12-01 17:09:55.756 [info] Got stored sessions!
2025-12-01 17:09:55.756 [info] Got 1 verified sessions.
2025-12-01 17:09:55.756 [info] Got 1 sessions for ...
2025-12-01 17:09:55.756 [info] Getting sessions for all scopes...
2025-12-01 17:09:55.756 [info] Got 1 sessions for ...
2025-12-01 17:09:55.756 [info] Getting sessions for all scopes...
2025-12-01 17:09:55.756 [info] Got 1 sessions for ...
2025-12-01 17:09:55.756 [info] Getting sessions for read:user,repo,user:email,workflow...
2025-12-01 17:09:55.756 [info] Got 1 sessions for read:user,repo,user:email,workflow...
2025-12-01 17:09:56.771 [info] Getting sessions for all scopes...
2025-12-01 17:09:56.771 [info] Got 1 sessions for ...
2025-12-01 17:09:56.771 [info] Getting sessions for all scopes...
2025-12-01 17:09:56.771 [info] Got 1 sessions for ...
2025-12-01 17:09:56.774 [info] Getting sessions for all scopes...
2025-12-01 17:09:56.774 [info] Got 1 sessions for ...
