2025-12-01 17:29:03.415 [info] [main] Log level: Info
2025-12-01 17:29:03.415 [info] [main] Validating found git in: "git"
2025-12-01 17:29:03.415 [info] [main] Using git "2.52.0" from "git"
2025-12-01 17:29:03.415 [info] [Model][doInitialScan] Initial repository scan started
2025-12-01 17:29:03.415 [info] > git rev-parse --show-toplevel [6ms]
2025-12-01 17:29:03.415 [info] > git rev-parse --git-dir --git-common-dir --show-superproject-working-tree [3ms]
2025-12-01 17:29:03.415 [info] [Model][openRepository] Opened repository (path): /home/mcantek/Projects/SwiftTest
2025-12-01 17:29:03.415 [info] [Model][openRepository] Opened repository (real path): /home/mcantek/Projects/SwiftTest
2025-12-01 17:29:03.415 [info] [Model][openRepository] Opened repository (kind): repository
2025-12-01 17:29:03.415 [info] > git rev-parse --show-toplevel [1ms]
2025-12-01 17:29:03.415 [info] > git config --get commit.template [5ms]
2025-12-01 17:29:03.415 [info] > git rev-parse --show-toplevel [6ms]
2025-12-01 17:29:03.415 [info] > git for-each-ref --format=%(refname)%00%(upstream:short)%00%(objectname)%00%(upstream:track)%00%(upstream:remotename)%00%(upstream:remoteref) refs/heads/main refs/remotes/main [7ms]
2025-12-01 17:29:03.415 [warning] [Git][revParse] Unable to read file: ENOENT: no such file or directory, open '/home/mcantek/Projects/SwiftTest/.git/refs/remotes/origin/main'
2025-12-01 17:29:03.415 [info] > git rev-parse --show-toplevel [11ms]
2025-12-01 17:29:03.419 [info] > git rev-parse refs/remotes/origin/main [11ms]
2025-12-01 17:29:03.449 [info] > git status -z -uall [26ms]
2025-12-01 17:29:03.449 [info] > git for-each-ref --sort -committerdate --format %(refname)%00%(objectname)%00%(*objectname) [21ms]
2025-12-01 17:29:03.459 [info] > git rev-parse --show-toplevel [41ms]
2025-12-01 17:29:03.459 [info] [Model][doInitialScan] Initial repository scan completed - repositories (1), closed repositories (0), parent repositories (0), unsafe repositories (0)
2025-12-01 17:29:03.467 [info] > git for-each-ref --format=%(refname)%00%(upstream:short)%00%(objectname)%00%(upstream:track)%00%(upstream:remotename)%00%(upstream:remoteref) refs/heads/main refs/remotes/main [10ms]
2025-12-01 17:29:03.473 [info] > git config --get --local branch.main.vscode-merge-base [2ms]
2025-12-01 17:29:03.478 [info] > git config --get commit.template [10ms]
2025-12-01 17:29:03.478 [info] > git for-each-ref --format=%(refname)%00%(upstream:short)%00%(objectname)%00%(upstream:track)%00%(upstream:remotename)%00%(upstream:remoteref) refs/heads/origin/main refs/remotes/origin/main [1ms]
2025-12-01 17:29:03.488 [info] > git merge-base refs/heads/main refs/remotes/origin/main [5ms]
2025-12-01 17:29:03.493 [info] > git for-each-ref --format=%(refname)%00%(upstream:short)%00%(objectname)%00%(upstream:track)%00%(upstream:remotename)%00%(upstream:remoteref) refs/heads/main refs/remotes/main [6ms]
2025-12-01 17:29:03.497 [warning] [Git][revParse] Unable to read file: ENOENT: no such file or directory, open '/home/mcantek/Projects/SwiftTest/.git/refs/remotes/origin/main'
2025-12-01 17:29:03.497 [info] > git diff --name-status -z --diff-filter=ADMR 0581225836cee0d8f7804e86e6ea6f6abf469996...refs/remotes/origin/main [5ms]
2025-12-01 17:29:03.498 [info] > git rev-parse refs/remotes/origin/main [1ms]
2025-12-01 17:29:03.506 [info] > git status -z -uall [4ms]
2025-12-01 17:29:03.507 [info] > git for-each-ref --sort -committerdate --format %(refname)%00%(objectname)%00%(*objectname) [1ms]
2025-12-01 17:29:03.684 [info] > git show --textconv :Sources/SwiftTest/SwiftTest.swift [5ms]
2025-12-01 17:29:03.685 [info] > git ls-files --stage -- Sources/SwiftTest/SwiftTest.swift [1ms]
2025-12-01 17:29:03.689 [info] > git cat-file -s 107f80daedd8e1b13ab0a61936a71ca74adfe887 [1ms]
2025-12-01 17:29:03.734 [info] > git blame --root --incremental 0581225836cee0d8f7804e86e6ea6f6abf469996 -- Sources/SwiftTest/SwiftTest.swift [1ms]
2025-12-01 17:29:03.905 [info] > git check-ignore -v -z --stdin [2ms]
2025-12-01 17:29:05.508 [info] > git config --get commit.template [4ms]
2025-12-01 17:29:05.509 [info] > git for-each-ref --format=%(refname)%00%(upstream:short)%00%(objectname)%00%(upstream:track)%00%(upstream:remotename)%00%(upstream:remoteref) refs/heads/main refs/remotes/main [1ms]
2025-12-01 17:29:05.511 [warning] [Git][revParse] Unable to read file: ENOENT: no such file or directory, open '/home/mcantek/Projects/SwiftTest/.git/refs/remotes/origin/main'
2025-12-01 17:29:05.512 [info] > git rev-parse refs/remotes/origin/main [1ms]
2025-12-01 17:29:05.519 [info] > git status -z -uall [4ms]
2025-12-01 17:29:05.519 [info] > git for-each-ref --sort -committerdate --format %(refname)%00%(objectname)%00%(*objectname) [1ms]
2025-12-01 17:29:15.112 [info] [main] Log level: Info
2025-12-01 17:29:15.112 [info] [main] Validating found git in: "git"
2025-12-01 17:29:15.112 [info] [main] Using git "2.52.0" from "git"
2025-12-01 17:29:15.112 [info] [Model][doInitialScan] Initial repository scan started
2025-12-01 17:29:15.112 [info] > git rev-parse --show-toplevel [8ms]
2025-12-01 17:29:15.112 [info] fatal: not a git repository (or any of the parent directories): .git
2025-12-01 17:29:15.115 [info] > git rev-parse --show-toplevel [3ms]
2025-12-01 17:29:15.115 [info] fatal: not a git repository (or any of the parent directories): .git
2025-12-01 17:29:15.121 [info] > git rev-parse --show-toplevel [2ms]
2025-12-01 17:29:15.121 [info] fatal: not a git repository (or any of the parent directories): .git
2025-12-01 17:29:15.128 [info] > git rev-parse --show-toplevel [2ms]
2025-12-01 17:29:15.128 [info] fatal: not a git repository (or any of the parent directories): .git
2025-12-01 17:29:15.128 [info] [Model][doInitialScan] Initial repository scan completed - repositories (0), closed repositories (0), parent repositories (0), unsafe repositories (0)
2025-12-01 17:29:15.255 [info] > git rev-parse --show-toplevel [1ms]
2025-12-01 17:29:15.255 [info] fatal: not a git repository (or any of the parent directories): .git
2025-12-01 17:29:16.157 [info] > git rev-parse --show-toplevel [2ms]
2025-12-01 17:29:16.157 [info] fatal: not a git repository (or any of the parent directories): .git
2025-12-01 17:29:16.750 [info] > git rev-parse --show-toplevel [1ms]
2025-12-01 17:29:16.750 [info] fatal: not a git repository (or any of the parent directories): .git
2025-12-01 17:29:17.254 [info] > git rev-parse --show-toplevel [1ms]
2025-12-01 17:29:17.254 [info] fatal: not a git repository (or any of the parent directories): .git
2025-12-01 17:29:17.872 [info] > git rev-parse --show-toplevel [1ms]
2025-12-01 17:29:17.872 [info] fatal: not a git repository (or any of the parent directories): .git
